{"/Users/sanketparte/Developer/personal-expense-tracker/src/App.tsx": {"path":"/Users/sanketparte/Developer/personal-expense-tracker/src/App.tsx","statementMap":{"0":{"start":{"line":13,"column":2},"end":{"line":17,"column":4}}},"fnMap":{"0":{"name":"App","decl":{"start":{"line":12,"column":24},"end":{"line":12,"column":27}},"loc":{"start":{"line":12,"column":49},"end":{"line":18,"column":1}},"line":12}},"branchMap":{},"s":{"0":0},"f":{"0":0},"b":{}}
,"/Users/sanketparte/Developer/personal-expense-tracker/src/db/schema.ts": {"path":"/Users/sanketparte/Developer/personal-expense-tracker/src/db/schema.ts","statementMap":{"0":{"start":{"line":7,"column":24},"end":{"line":16,"column":2}}},"fnMap":{},"branchMap":{},"s":{"0":0},"f":{},"b":{}}
,"/Users/sanketparte/Developer/personal-expense-tracker/src/hooks/useAppTheme.ts": {"path":"/Users/sanketparte/Developer/personal-expense-tracker/src/hooks/useAppTheme.ts","statementMap":{"0":{"start":{"line":21,"column":23},"end":{"line":21,"column":39}},"1":{"start":{"line":22,"column":40},"end":{"line":22,"column":82}},"2":{"start":{"line":24,"column":2},"end":{"line":28,"column":4}}},"fnMap":{"0":{"name":"useAppTheme","decl":{"start":{"line":20,"column":16},"end":{"line":20,"column":27}},"loc":{"start":{"line":20,"column":40},"end":{"line":29,"column":1}},"line":20}},"branchMap":{"0":{"loc":{"start":{"line":22,"column":40},"end":{"line":22,"column":82}},"type":"cond-expr","locations":[{"start":{"line":22,"column":66},"end":{"line":22,"column":72}},{"start":{"line":22,"column":75},"end":{"line":22,"column":82}}],"line":22}},"s":{"0":0,"1":0,"2":0},"f":{"0":0},"b":{"0":[0,0]}}
,"/Users/sanketparte/Developer/personal-expense-tracker/src/navigation/AppNavigator.tsx": {"path":"/Users/sanketparte/Developer/personal-expense-tracker/src/navigation/AppNavigator.tsx","statementMap":{"0":{"start":{"line":7,"column":12},"end":{"line":7,"column":55}},"1":{"start":{"line":10,"column":21},"end":{"line":10,"column":34}},"2":{"start":{"line":12,"column":2},"end":{"line":29,"column":4}}},"fnMap":{"0":{"name":"AppNavigator","decl":{"start":{"line":9,"column":16},"end":{"line":9,"column":28}},"loc":{"start":{"line":9,"column":31},"end":{"line":30,"column":1}},"line":9}},"branchMap":{},"s":{"0":0,"1":0,"2":0},"f":{"0":0},"b":{}}
,"/Users/sanketparte/Developer/personal-expense-tracker/src/navigation/RootNavigator.tsx": {"path":"/Users/sanketparte/Developer/personal-expense-tracker/src/navigation/RootNavigator.tsx","statementMap":{"0":{"start":{"line":9,"column":14},"end":{"line":9,"column":62}},"1":{"start":{"line":12,"column":21},"end":{"line":12,"column":34}},"2":{"start":{"line":14,"column":2},"end":{"line":21,"column":4}}},"fnMap":{"0":{"name":"RootNavigator","decl":{"start":{"line":11,"column":16},"end":{"line":11,"column":29}},"loc":{"start":{"line":11,"column":32},"end":{"line":22,"column":1}},"line":11}},"branchMap":{"0":{"loc":{"start":{"line":16,"column":24},"end":{"line":16,"column":49}},"type":"cond-expr","locations":[{"start":{"line":16,"column":33},"end":{"line":16,"column":40}},{"start":{"line":16,"column":43},"end":{"line":16,"column":49}}],"line":16}},"s":{"0":1,"1":2,"2":2},"f":{"0":2},"b":{"0":[1,1]},"_coverageSchema":"1a1c01bbd47fc00a2c39e90264f33305004495a9","hash":"e377badd665d3ca0e5cfc827ce844ca5e304fe9e"}
,"/Users/sanketparte/Developer/personal-expense-tracker/src/screens/AddExpenseScreen.tsx": {"path":"/Users/sanketparte/Developer/personal-expense-tracker/src/screens/AddExpenseScreen.tsx","statementMap":{"0":{"start":{"line":6,"column":32},"end":{"line":14,"column":1}},"1":{"start":{"line":7,"column":21},"end":{"line":7,"column":34}},"2":{"start":{"line":9,"column":2},"end":{"line":13,"column":4}},"3":{"start":{"line":16,"column":15},"end":{"line":27,"column":2}}},"fnMap":{"0":{"name":"(anonymous_0)","decl":{"start":{"line":6,"column":32},"end":{"line":6,"column":33}},"loc":{"start":{"line":6,"column":38},"end":{"line":14,"column":1}},"line":6}},"branchMap":{},"s":{"0":0,"1":0,"2":0,"3":0},"f":{"0":0},"b":{}}
,"/Users/sanketparte/Developer/personal-expense-tracker/src/screens/DashboardScreen.tsx": {"path":"/Users/sanketparte/Developer/personal-expense-tracker/src/screens/DashboardScreen.tsx","statementMap":{"0":{"start":{"line":6,"column":31},"end":{"line":14,"column":1}},"1":{"start":{"line":7,"column":21},"end":{"line":7,"column":34}},"2":{"start":{"line":9,"column":2},"end":{"line":13,"column":4}},"3":{"start":{"line":16,"column":15},"end":{"line":27,"column":2}}},"fnMap":{"0":{"name":"(anonymous_0)","decl":{"start":{"line":6,"column":31},"end":{"line":6,"column":32}},"loc":{"start":{"line":6,"column":37},"end":{"line":14,"column":1}},"line":6}},"branchMap":{},"s":{"0":0,"1":0,"2":0,"3":0},"f":{"0":0},"b":{}}
,"/Users/sanketparte/Developer/personal-expense-tracker/src/screens/HistoryScreen.tsx": {"path":"/Users/sanketparte/Developer/personal-expense-tracker/src/screens/HistoryScreen.tsx","statementMap":{"0":{"start":{"line":6,"column":29},"end":{"line":14,"column":1}},"1":{"start":{"line":7,"column":21},"end":{"line":7,"column":34}},"2":{"start":{"line":9,"column":2},"end":{"line":13,"column":4}},"3":{"start":{"line":16,"column":15},"end":{"line":27,"column":2}}},"fnMap":{"0":{"name":"(anonymous_0)","decl":{"start":{"line":6,"column":29},"end":{"line":6,"column":30}},"loc":{"start":{"line":6,"column":35},"end":{"line":14,"column":1}},"line":6}},"branchMap":{},"s":{"0":0,"1":0,"2":0,"3":0},"f":{"0":0},"b":{}}
,"/Users/sanketparte/Developer/personal-expense-tracker/src/screens/SettingsScreen.tsx": {"path":"/Users/sanketparte/Developer/personal-expense-tracker/src/screens/SettingsScreen.tsx","statementMap":{"0":{"start":{"line":6,"column":30},"end":{"line":14,"column":1}},"1":{"start":{"line":7,"column":21},"end":{"line":7,"column":34}},"2":{"start":{"line":9,"column":2},"end":{"line":13,"column":4}},"3":{"start":{"line":16,"column":15},"end":{"line":27,"column":2}}},"fnMap":{"0":{"name":"(anonymous_0)","decl":{"start":{"line":6,"column":30},"end":{"line":6,"column":31}},"loc":{"start":{"line":6,"column":36},"end":{"line":14,"column":1}},"line":6}},"branchMap":{},"s":{"0":0,"1":0,"2":0,"3":0},"f":{"0":0},"b":{}}
,"/Users/sanketparte/Developer/personal-expense-tracker/src/services/database.ts": {"path":"/Users/sanketparte/Developer/personal-expense-tracker/src/services/database.ts","statementMap":{"0":{"start":{"line":6,"column":15},"end":{"line":6,"column":46}},"1":{"start":{"line":9,"column":18},"end":{"line":9,"column":45}}},"fnMap":{},"branchMap":{},"s":{"0":0,"1":0},"f":{},"b":{}}
,"/Users/sanketparte/Developer/personal-expense-tracker/src/services/expenseService.ts": {"path":"/Users/sanketparte/Developer/personal-expense-tracker/src/services/expenseService.ts","statementMap":{"0":{"start":{"line":10,"column":30},"end":{"line":26,"column":1}},"1":{"start":{"line":15,"column":4},"end":{"line":17,"column":7}},"2":{"start":{"line":24,"column":4},"end":{"line":24,"column":46}}},"fnMap":{"0":{"name":"(anonymous_0)","decl":{"start":{"line":14,"column":10},"end":{"line":14,"column":11}},"loc":{"start":{"line":14,"column":42},"end":{"line":18,"column":3}},"line":14},"1":{"name":"(anonymous_1)","decl":{"start":{"line":23,"column":10},"end":{"line":23,"column":11}},"loc":{"start":{"line":23,"column":56},"end":{"line":25,"column":3}},"line":23}},"branchMap":{},"s":{"0":0,"1":0,"2":0},"f":{"0":0,"1":0},"b":{}}
,"/Users/sanketparte/Developer/personal-expense-tracker/src/store/useExpenseStore.ts": {"path":"/Users/sanketparte/Developer/personal-expense-tracker/src/store/useExpenseStore.ts","statementMap":{"0":{"start":{"line":14,"column":31},"end":{"line":45,"column":3}},"1":{"start":{"line":14,"column":67},"end":{"line":45,"column":1}},"2":{"start":{"line":20,"column":4},"end":{"line":20,"column":42}},"3":{"start":{"line":21,"column":4},"end":{"line":29,"column":5}},"4":{"start":{"line":22,"column":21},"end":{"line":22,"column":50}},"5":{"start":{"line":23,"column":6},"end":{"line":23,"column":29}},"6":{"start":{"line":25,"column":6},"end":{"line":25,"column":49}},"7":{"start":{"line":26,"column":6},"end":{"line":26,"column":23}},"8":{"start":{"line":28,"column":6},"end":{"line":28,"column":32}},"9":{"start":{"line":33,"column":4},"end":{"line":33,"column":42}},"10":{"start":{"line":34,"column":4},"end":{"line":43,"column":5}},"11":{"start":{"line":35,"column":6},"end":{"line":35,"column":40}},"12":{"start":{"line":37,"column":6},"end":{"line":37,"column":36}},"13":{"start":{"line":39,"column":6},"end":{"line":39,"column":46}},"14":{"start":{"line":40,"column":6},"end":{"line":40,"column":23}},"15":{"start":{"line":42,"column":6},"end":{"line":42,"column":32}}},"fnMap":{"0":{"name":"(anonymous_0)","decl":{"start":{"line":14,"column":52},"end":{"line":14,"column":53}},"loc":{"start":{"line":14,"column":67},"end":{"line":45,"column":1}},"line":14},"1":{"name":"(anonymous_1)","decl":{"start":{"line":19,"column":19},"end":{"line":19,"column":20}},"loc":{"start":{"line":19,"column":31},"end":{"line":30,"column":3}},"line":19},"2":{"name":"(anonymous_2)","decl":{"start":{"line":32,"column":14},"end":{"line":32,"column":15}},"loc":{"start":{"line":32,"column":30},"end":{"line":44,"column":3}},"line":32}},"branchMap":{},"s":{"0":0,"1":0,"2":0,"3":0,"4":0,"5":0,"6":0,"7":0,"8":0,"9":0,"10":0,"11":0,"12":0,"13":0,"14":0,"15":0},"f":{"0":0,"1":0,"2":0},"b":{}}
}
